app/build/outputs/mapping/release/seeds.txt
app.vercel.app_one_xi.twa.DelegationService
app.vercel.app_one_xi.twa.Application: Application()
app.vercel.app_one_xi.twa.LauncherActivity: LauncherActivity()
app.vercel.app_one_xi.twa.Application
app.vercel.app_one_xi.twa.DelegationService: DelegationService()
app.vercel.app_one_xi.twa.LauncherActivity
...
com.google.android.gms.common.api.Scope: android.os.Parcelable$Creator CREATOR
androidx.fragment.app.FragmentState: android.os.Parcelable$Creator CREATOR
com.google.android.gms.location.LocationResult: android.os.Parcelable$Creator CREATOR
androidx.lifecycle.Lifecycle$Event: androidx.lifecycle.Lifecycle$Event valueOf(java.lang.String)
com.google.androidbrowserhelper.locationdelegation.PermissionRequestActivity: PermissionRequestActivity()
com.google.androidbrowserhelper.trusted.WebViewFallbackActivity: WebViewFallbackActivity()
androidx.lifecycle.ReflectiveGenericLifecycleObserver
androidx.core.app.CoreComponentFactory: CoreComponentFactory()
androidx.lifecycle.ViewModel: ViewModel()
androidx.core.app.CoreComponentFactory
android.support.v4.app.RemoteActionCompatParcelizer: void write(androidx.core.app.RemoteActionCompat,androidx.versionedparcelable.VersionedParcel)
android.support.v4.graphics.drawable.IconCompatParcelizer: void write(androidx.core.graphics.drawable.IconCompat,androidx.versionedparcelable.VersionedParcel)
androidx.lifecycle.SingleGeneratedAdapterObserver
androidx.versionedparcelable.CustomVersionedParcelable
com.google.android.gms.common.api.internal.LifecycleCallback
androidx.core.graphics.drawable.IconCompat
androidx.core.app.RemoteActionCompatParcelizer: void write(androidx.core.app.RemoteActionCompat,androidx.versionedparcelable.VersionedParcel)
com.google.androidbrowserhelper.trusted.NotificationPermissionRequestActivity
com.google.android.gms.common.internal.ConnectionTelemetryConfiguration: android.os.Parcelable$Creator CREATOR
androidx.core.graphics.drawable.IconCompatParcelizer: androidx.core.graphics.drawable.IconCompat read(androidx.versionedparcelable.VersionedParcel)
com.google.androidbrowserhelper.trusted.ManageDataLauncherActivity: ManageDataLauncherActivity()
androidx.core.app.RemoteActionCompat
androidx.core.app.RemoteActionCompatParcelizer: androidx.core.app.RemoteActionCompat read(androidx.versionedparcelable.VersionedParcel)
com.google.android.gms.location.LastLocationRequest: android.os.Parcelable$Creator CREATOR
androidx.versionedparcelable.CustomVersionedParcelable: CustomVersionedParcelable()
androidx.lifecycle.Lifecycle$Event: androidx.lifecycle.Lifecycle$Event ON_CREATE
androidx.core.content.FileProvider
com.google.android.gms.common.internal.ReflectedParcelable
com.google.android.gms.common.internal.GetServiceRequest: android.os.Parcelable$Creator CREATOR
com.google.android.gms.common.internal.ClientIdentity: android.os.Parcelable$Creator CREATOR
androidx.core.graphics.drawable.IconCompat: IconCompat()
com.google.android.gms.dynamite.DynamiteModule$DynamiteLoaderClassLoader: DynamiteModule$DynamiteLoaderClassLoader()
android.support.v4.graphics.drawable.IconCompatParcelizer
com.google.androidbrowserhelper.trusted.DelegationService: DelegationService()
androidx.lifecycle.Lifecycle$Event: androidx.lifecycle.Lifecycle$Event ON_START
com.google.androidbrowserhelper.trusted.LauncherActivity: LauncherActivity()
com.google.android.gms.common.ConnectionResult: android.os.Parcelable$Creator CREATOR
com.google.android.gms.common.api.GoogleApiActivity: GoogleApiActivity()
android.support.v4.app.RemoteActionCompatParcelizer
androidx.lifecycle.Lifecycle$State: androidx.lifecycle.Lifecycle$State[] values()
androidx.versionedparcelable.ParcelImpl
com.google.android.gms.common.api.Status: android.os.Parcelable$Creator CREATOR
androidx.core.content.FileProvider: FileProvider()
androidx.annotation.Keep
androidx.core.app.RemoteActionCompatParcelizer: RemoteActionCompatParcelizer()
androidx.lifecycle.Lifecycle$State: androidx.lifecycle.Lifecycle$State valueOf(java.lang.String)
com.google.android.gms.common.internal.zav: android.os.Parcelable$Creator CREATOR
com.google.android.gms.signin.internal.zag: android.os.Parcelable$Creator CREATOR
androidx.lifecycle.Lifecycle$Event: androidx.lifecycle.Lifecycle$Event ON_RESUME