app/build/outputs/mapping/release/mapping.txt
# compiler: R8
# compiler_version: 2.1.86
# min_api: 19
# pg_map_id: b831752
# common_typos_disable
app.vercel.app_one_xi.twa.LauncherActivity -> app.vercel.app_one_xi.twa.LauncherActivity:
    android.net.Uri getLaunchingUrl() -> g
...
com.google.android.gms.location.zzai -> com.google.android.gms.location.h:
    java.lang.String zza(int) -> a
com.google.android.gms.location.zzm -> com.google.android.gms.location.i:
    com.google.android.gms.common.Feature zzc -> c
    com.google.android.gms.common.Feature zzb -> b
    com.google.android.gms.common.Feature zza -> a
    com.google.android.gms.common.Feature zzk -> k
    com.google.android.gms.common.Feature zzj -> j
    com.google.android.gms.common.Feature zzi -> i
    com.google.android.gms.common.Feature zzh -> h
    com.google.android.gms.common.Feature[] zzl -> l
    com.google.android.gms.common.Feature zzg -> g
    com.google.android.gms.common.Feature zzf -> f
    com.google.android.gms.common.Feature zze -> e
    com.google.android.gms.common.Feature zzd -> d
com.google.android.gms.location.zzo -> com.google.android.gms.location.j:
    int zza(int) -> a
    java.lang.String zzb(int) -> b
com.google.android.gms.location.zzp -> com.google.android.gms.location.k:
    void zzf() -> E
com.google.android.gms.location.zzq -> com.google.android.gms.location.l:
    boolean zza(int,android.os.Parcel,android.os.Parcel,int) -> a
    com.google.android.gms.location.zzr zzb(android.os.IBinder) -> b
com.google.android.gms.location.zzr -> com.google.android.gms.location.m:
    void zzf() -> E
    void zze(com.google.android.gms.location.LocationResult) -> O
    void zzd(com.google.android.gms.location.LocationAvailability) -> s
com.google.android.gms.location.zzs -> com.google.android.gms.location.n:
com.google.android.gms.location.zzt -> com.google.android.gms.location.o:
    com.google.android.gms.location.zzu zzb(android.os.IBinder) -> b
com.google.android.gms.location.zzu -> com.google.android.gms.location.p:
com.google.android.gms.location.zzv -> com.google.android.gms.location.q:
com.google.android.gms.location.zzw -> com.google.android.gms.location.r:
com.google.android.gms.location.zzx -> com.google.android.gms.location.s:
com.google.android.gms.location.zzy -> com.google.android.gms.location.t:
com.google.android.gms.signin.SignInOptions -> c.a.a.a.d.a:
    java.lang.String zag -> g
    java.lang.String zaf -> f
    java.lang.Long zai -> i
    java.lang.Long zaj -> j
    com.google.android.gms.signin.SignInOptions zaa -> k
    boolean zae -> e
    boolean zah -> h
    boolean zab -> b
    boolean zac -> c
    java.lang.String zad -> d
com.google.android.gms.signin.internal.SignInClientImpl -> c.a.a.a.d.b.a:
    java.lang.Integer zae -> C
    com.google.android.gms.common.internal.ClientSettings zac -> A
    boolean zab -> z
    android.os.Bundle zad -> B
    int zaa -> D
    java.lang.String getServiceDescriptor() -> D
    java.lang.String getStartServiceAction() -> E
    boolean requiresSignIn() -> i
    void zab() -> j
    android.os.Bundle createBundleFromClientSettings(com.google.android.gms.common.internal.ClientSettings) -> j0
    void zad(com.google.android.gms.signin.internal.zae) -> o
    int getMinApkVersion() -> p
    android.os.IInterface createServiceInterface(android.os.IBinder) -> r
    android.os.Bundle getGetServiceRequestExtraArgs() -> z
com.google.android.gms.signin.internal.zaa -> c.a.a.a.d.b.b:
    android.content.Intent zac -> c
    int zab -> b
    int zaa -> a
    com.google.android.gms.common.api.Status getStatus() -> a
com.google.android.gms.signin.internal.zab -> c.a.a.a.d.b.c:
com.google.android.gms.signin.internal.zac -> c.a.a.a.d.b.d:
com.google.android.gms.signin.internal.zad -> c.a.a.a.d.b.e:
    boolean zaa(int,android.os.Parcel,android.os.Parcel,int) -> P
com.google.android.gms.signin.internal.zae -> c.a.a.a.d.b.f:
    void zab(com.google.android.gms.signin.internal.zak) -> D
com.google.android.gms.signin.internal.zaf -> c.a.a.a.d.b.g:
    void zag(com.google.android.gms.signin.internal.zai,com.google.android.gms.signin.internal.zae) -> P