app/build/outputs/mapping/release/usage.txt
app.vercel.app_one_xi.twa.R$raw
app.vercel.app_one_xi.twa.R$attr
app.vercel.app_one_xi.twa.R$string
app.vercel.app_one_xi.twa.R$layout
app.vercel.app_one_xi.twa.R$id
app.vercel.app_one_xi.twa.BuildConfig
app.vercel.app_one_xi.twa.R
app.vercel.app_one_xi.twa.R$drawable
app.vercel.app_one_xi.twa.R$mipmap
app.vercel.app_one_xi.twa.R$xml
app.vercel.app_one_xi.twa.R$bool
app.vercel.app_one_xi.twa.R$styleable
app.vercel.app_one_xi.twa.R$style
app.vercel.app_one_xi.twa.R$dimen
app.vercel.app_one_xi.twa.R$integer
app.vercel.app_one_xi.twa.R$color
...
androidx.browser.customtabs.CustomTabsSession$PendingSession
androidx.legacy.widget.Space
com.google.android.gms.common.api.internal.zabc
com.google.android.gms.location.Geofence$GeofenceTransition
com.google.android.gms.common.server.converter.zad
androidx.core.app.FrameMetricsAggregator$FrameMetricsApi24Impl
androidx.customview.widget.FocusStrategy
com.google.android.gms.common.moduleinstall.internal.zav
androidx.core.util.Preconditions:
    public static void checkArgument(boolean)
    public static void checkArgument(boolean,java.lang.Object)
    public static java.lang.Object checkNotNull(java.lang.Object)
    public static void checkState(boolean,java.lang.String)
    public static void checkState(boolean)
    public static int checkArgumentNonnegative(int,java.lang.String)
    public static int checkArgumentNonnegative(int)
    public static int checkArgumentInRange(int,int,int,java.lang.String)
    private void <init>()
com.google.android.gms.common.ConnectionResult:
    public void startResolutionForResult(android.app.Activity,int)
    public static final int UNKNOWN
    public static final int SUCCESS
    public static final int SERVICE_MISSING
    public static final int SERVICE_VERSION_UPDATE_REQUIRED
    public static final int SERVICE_DISABLED
    public static final int SIGN_IN_REQUIRED
    public static final int INVALID_ACCOUNT
    public static final int RESOLUTION_REQUIRED
    public static final int NETWORK_ERROR
    public static final int INTERNAL_ERROR
    public static final int SERVICE_INVALID
    public static final int DEVELOPER_ERROR
    public static final int LICENSE_CHECK_FAILED
    public static final int CANCELED
    public static final int TIMEOUT
    public static final int INTERRUPTED
    public static final int API_UNAVAILABLE
    public static final int SIGN_IN_FAILED
    public static final int SERVICE_UPDATING
    public static final int SERVICE_MISSING_PERMISSION
    public static final int RESTRICTED_PROFILE
    public static final int RESOLUTION_ACTIVITY_NOT_FOUND
    public static final int API_DISABLED
    public static final int API_DISABLED_FOR_CONNECTION
    public static final int DRIVE_EXTERNAL_STORAGE_REQUIRED
androidx.concurrent.futures.CallbackToFutureAdapter$Resolver
androidx.core.provider.FontsContractCompat$FontFamilyResult
com.google.android.gms.common.providers.zza
com.google.androidbrowserhelper.locationdelegation.R$color
androidx.slidingpanelayout.R$color
androidx.core.widget.CompoundButtonCompat
androidx.core.R$style
androidx.core.text.TextUtilsCompat
com.google.android.gms.location.ActivityTransition$Builder
androidx.core.app.NotificationCompat$Action$WearableExtender
androidx.browser.trusted.TokenContents:
    public int getFingerprintCount()
com.google.android.gms.tasks.SuccessContinuation
com.google.android.gms.common.server.response.FastParser$ParseException
androidx.swiperefreshlayout.widget.SwipeRefreshLayout$7
com.google.android.gms.common.GoogleSignatureVerifier:
    private final com.google.android.gms.common.zzx zzc(java.lang.String,boolean,boolean)
    public boolean isGooglePublicSignedPackage(android.content.pm.PackageInfo)
    public boolean isPackageGoogleSigned(java.lang.String)
    public boolean isUidGoogleSigned(int)
    private volatile java.lang.String zzd
    private static volatile java.util.Set zzb
androidx.viewpager.R$styleable
com.google.android.gms.common.api.BatchResult
android.support.v4.os.ResultReceiver$MyRunnable
androidx.core.app.JobIntentService$CompatWorkEnqueuer
com.google.android.gms.internal.common.zzab
com.google.androidbrowserhelper.R$color
androidx.swiperefreshlayout.R$string
com.google.androidbrowserhelper.R$dimen
androidx.browser.trusted.sharing.ShareTarget$RequestMethod
androidx.browser.browseractions.BrowserActionsFallbackMenuAdapter
com.google.android.gms.common.internal.Constants
com.google.android.gms.common.moduleinstall.internal.zae
com.google.android.gms.common.moduleinstall.zae